{
  "RSpec": {
    "coverage": {
      "/Users/brodynics777/Documents/repeat_futbol/futbol/lib/season_statistics.rb": {
        "lines": [
          1,
          1,
          1,
          1,
          null,
          1,
          1,
          null,
          1,
          6,
          6,
          6,
          6,
          null,
          null,
          1,
          1,
          1,
          null,
          1,
          99,
          99,
          99,
          null,
          null,
          1,
          13,
          null,
          null,
          1,
          null,
          null,
          1,
          26,
          null,
          null,
          1,
          1,
          1,
          null,
          1,
          99,
          99,
          99,
          null,
          null,
          1,
          13,
          null,
          null,
          1,
          null,
          null,
          1,
          1,
          14,
          null,
          null,
          1,
          1,
          14,
          null,
          null,
          1,
          2,
          2,
          null,
          2,
          5198,
          198,
          null,
          198,
          198,
          198,
          null,
          null,
          null,
          2,
          26,
          26,
          null,
          null,
          null,
          1,
          1,
          1,
          99,
          57,
          5643,
          99,
          99,
          null,
          null,
          null,
          null,
          14,
          1,
          null,
          null,
          1,
          1,
          1,
          99,
          57,
          5643,
          99,
          99,
          null,
          null,
          null,
          null,
          14,
          1,
          null,
          null,
          1,
          26,
          26,
          null,
          null,
          1,
          45,
          4,
          null,
          null
        ]
      },
      "/Users/brodynics777/Documents/repeat_futbol/futbol/lib/game.rb": {
        "lines": [
          1,
          1,
          null,
          null,
          null,
          null,
          null,
          null,
          null,
          null,
          null,
          1,
          3762,
          3762,
          3762,
          3762,
          3762,
          3762,
          3762,
          3762,
          3762,
          3762,
          null,
          null
        ]
      },
      "/Users/brodynics777/Documents/repeat_futbol/futbol/lib/team.rb": {
        "lines": [
          1,
          1,
          null,
          null,
          null,
          null,
          null,
          null,
          1,
          1216,
          1216,
          1216,
          1216,
          1216,
          1216,
          null,
          null
        ]
      },
      "/Users/brodynics777/Documents/repeat_futbol/futbol/lib/game_team.rb": {
        "lines": [
          1,
          1,
          null,
          null,
          null,
          null,
          null,
          null,
          null,
          null,
          null,
          null,
          null,
          1,
          3762,
          3762,
          3762,
          3762,
          3762,
          3762,
          3762,
          3762,
          3762,
          3762,
          3762,
          null,
          null
        ]
      },
      "/Users/brodynics777/Documents/repeat_futbol/futbol/lib/game_statistics.rb": {
        "lines": [
          1,
          1,
          null,
          1,
          1,
          null,
          null,
          null,
          1,
          8,
          8,
          8,
          8,
          null,
          null,
          1,
          0,
          0,
          0,
          0,
          null,
          null,
          null,
          1,
          1,
          1,
          99,
          null,
          null,
          1,
          1,
          null,
          null,
          1,
          1,
          1,
          99,
          null,
          null,
          1,
          1,
          null,
          null,
          1,
          1,
          1,
          99,
          null,
          null,
          1,
          1,
          null,
          null,
          1,
          1,
          99,
          null,
          null,
          null,
          null,
          1,
          1,
          99,
          null,
          null,
          null,
          1,
          1,
          1,
          1,
          99,
          99,
          null,
          1,
          1,
          1,
          null,
          null,
          1,
          1,
          1,
          99,
          null,
          null,
          1,
          null,
          null,
          1,
          1,
          1,
          0,
          null,
          null,
          0,
          null,
          null,
          1,
          1,
          1,
          99,
          null,
          null,
          1,
          null,
          null
        ]
      },
      "/Users/brodynics777/Documents/repeat_futbol/futbol/lib/league_statistics.rb": {
        "lines": [
          1,
          1,
          1,
          1,
          null,
          1,
          1,
          null,
          1,
          50,
          50,
          50,
          50,
          null,
          null,
          1,
          1,
          null,
          null,
          1,
          14,
          1,
          null,
          null,
          1,
          14,
          1,
          null,
          null,
          1,
          18,
          1,
          null,
          null,
          1,
          18,
          1,
          null,
          null,
          1,
          2,
          2,
          null,
          2,
          198,
          198,
          198,
          null,
          null,
          2,
          26,
          26,
          null,
          null,
          null,
          1,
          2,
          2,
          null,
          2,
          198,
          198,
          null,
          null,
          2,
          34,
          34,
          null,
          null,
          null,
          1,
          30100,
          null,
          null,
          1,
          14850,
          null,
          null,
          1,
          148,
          null,
          null,
          1,
          798,
          null,
          null,
          1,
          2,
          98,
          98,
          null,
          2,
          null,
          null,
          1,
          1,
          49,
          49,
          null,
          1,
          null,
          null
        ]
      },
      "/Users/brodynics777/Documents/repeat_futbol/futbol/lib/team_statistics.rb": {
        "lines": [
          1,
          1,
          null,
          null,
          null,
          null,
          1,
          null,
          1,
          11,
          11,
          11,
          11,
          11,
          null,
          null,
          1,
          64,
          null,
          null,
          1,
          0,
          null,
          null,
          1,
          1,
          1,
          99,
          0,
          null,
          null,
          99,
          3,
          null,
          null,
          1,
          null,
          null,
          1,
          1,
          1,
          99,
          0,
          null,
          null,
          99,
          1,
          null,
          null,
          1,
          null,
          null,
          1,
          10,
          null,
          3,
          297,
          18,
          18,
          11,
          null,
          7,
          null,
          279,
          20,
          20,
          15,
          null,
          5,
          null,
          null,
          null,
          null,
          3,
          7,
          7,
          null,
          null,
          10,
          3,
          null,
          null,
          1,
          1,
          3,
          1,
          1,
          null,
          null,
          1,
          1,
          4,
          1,
          1,
          null,
          null,
          1,
          1,
          1,
          99,
          14,
          14,
          null,
          null,
          null,
          null,
          null,
          99,
          13,
          13,
          null,
          null,
          1,
          null,
          null,
          1,
          1,
          1,
          99,
          8,
          8,
          null,
          null,
          99,
          8,
          8,
          null,
          null,
          1,
          null,
          null,
          1,
          0,
          0,
          0,
          null,
          null,
          null,
          null,
          null,
          null,
          0,
          null,
          null,
          1,
          0,
          0,
          0,
          0,
          null,
          null,
          0,
          null,
          null,
          1,
          0,
          0,
          0,
          0,
          null,
          null,
          0,
          null,
          null,
          1,
          0,
          0,
          0,
          0,
          0,
          null,
          null,
          0,
          null,
          null,
          null,
          1,
          3,
          1,
          99,
          13,
          13,
          13,
          null,
          9,
          null,
          null,
          1,
          2,
          null,
          1,
          null,
          null,
          1,
          3,
          1,
          99,
          13,
          13,
          13,
          null,
          9,
          null,
          null,
          1,
          2,
          null,
          1,
          null,
          null,
          1,
          3,
          16,
          null,
          null,
          3,
          null,
          null,
          null,
          null,
          null,
          null,
          3,
          null,
          null,
          1,
          0,
          0,
          null,
          0,
          0,
          0,
          0,
          null,
          0,
          null,
          null,
          null,
          null,
          0,
          0,
          null,
          null
        ]
      },
      "/Users/brodynics777/Documents/repeat_futbol/futbol/lib/stat_tracker.rb": {
        "lines": [
          1,
          1,
          1,
          1,
          1,
          1,
          null,
          null,
          null,
          null,
          null,
          1,
          38,
          null,
          null,
          1,
          38,
          38,
          38,
          null,
          38,
          null,
          null,
          null,
          null,
          1,
          114,
          114,
          null,
          8740,
          null,
          null,
          null,
          1,
          0,
          null,
          null,
          1,
          183,
          null,
          null,
          null,
          null,
          1,
          0,
          null,
          null,
          1,
          0,
          null,
          null,
          null,
          null,
          null,
          null,
          1,
          0,
          null,
          null,
          1,
          0,
          null,
          null,
          1,
          0,
          null,
          null,
          1,
          0,
          null,
          null,
          1,
          0,
          null,
          null,
          1,
          0,
          null,
          null,
          1,
          0,
          null,
          null,
          null,
          null,
          null,
          null,
          null,
          null,
          1,
          0,
          null,
          null,
          1,
          0,
          null,
          null,
          null
        ]
      },
      "/Users/brodynics777/Documents/repeat_futbol/futbol/spec/league_statistics_spec.rb": {
        "lines": [
          1,
          null,
          1,
          1,
          12,
          12,
          12,
          null,
          null,
          12,
          null,
          null,
          null,
          12,
          12,
          null,
          null,
          1,
          1,
          1,
          null,
          null,
          null,
          1,
          1,
          1,
          null,
          null,
          null,
          1,
          1,
          1,
          null,
          null,
          null,
          1,
          1,
          1,
          null,
          null,
          null,
          1,
          1,
          1,
          null,
          null,
          1,
          1,
          null,
          null,
          1,
          1,
          null,
          null,
          1,
          1,
          null,
          null,
          1,
          1,
          null,
          null,
          1,
          1,
          null,
          null,
          null,
          1,
          1,
          1,
          null,
          null,
          null,
          1,
          1,
          1,
          null,
          null,
          null,
          null,
          null
        ]
      },
      "/Users/brodynics777/Documents/repeat_futbol/futbol/spec/season_statistics_spec.rb": {
        "lines": [
          1,
          null,
          1,
          1,
          null,
          6,
          6,
          6,
          null,
          null,
          6,
          null,
          null,
          null,
          6,
          6,
          null,
          null,
          1,
          1,
          1,
          null,
          null,
          1,
          1,
          null,
          null,
          null,
          1,
          1,
          1,
          null,
          null,
          1,
          1,
          null,
          null,
          null,
          1,
          1,
          1,
          null,
          null,
          1,
          1,
          null,
          null,
          null
        ]
      },
      "/Users/brodynics777/Documents/repeat_futbol/futbol/spec/stat_tracker_spec.rb": {
        "lines": [
          1,
          null,
          null,
          1,
          1,
          1,
          1,
          1,
          null,
          null,
          1,
          null,
          null,
          null,
          null,
          1,
          null,
          null,
          null,
          1,
          1,
          1,
          1,
          1,
          null,
          null
        ]
      },
      "/Users/brodynics777/Documents/repeat_futbol/futbol/spec/team_statistics_spec.rb": {
        "lines": [
          1,
          null,
          1,
          1,
          11,
          11,
          11,
          null,
          null,
          11,
          null,
          null,
          null,
          null,
          11,
          11,
          null,
          null,
          1,
          1,
          1,
          null,
          null,
          1,
          1,
          null,
          null,
          null,
          1,
          1,
          1,
          1,
          1,
          null,
          null,
          null,
          1,
          1,
          1,
          1,
          1,
          null,
          null,
          null,
          1,
          1,
          1,
          1,
          null,
          null,
          null,
          1,
          1,
          1,
          null,
          null,
          null,
          1,
          1,
          1,
          null,
          null,
          null,
          1,
          1,
          1,
          null,
          null,
          1,
          1,
          null,
          null,
          null,
          1,
          1,
          1,
          null,
          null,
          1,
          1,
          1,
          null,
          null,
          null
        ]
      }
    },
    "timestamp": 1727063303
  },
  "Unknown Test Framework": {
    "coverage": {
    },
    "timestamp": 1726761849
  }
}
